<?xml version="1.0" encoding="UTF-8"?>
<testsuite name="org.gr8conf.AuthorAdderASTTransformationTest" tests="2" skipped="0" failures="0" errors="0" timestamp="2022-09-15T23:12:56" hostname="tomboyhero" time="0.092">
  <properties/>
  <testcase name="testThatAuthorExists" classname="org.gr8conf.AuthorAdderASTTransformationTest" time="0.006"/>
  <testcase name="testASTTransformationShouldBeDebuggableFromIDE" classname="org.gr8conf.AuthorAdderASTTransformationTest" time="0.085"/>
  <system-out><![CDATA[Attribute foo.BAR = bar
]]></system-out>
  <system-err><![CDATA[]]></system-err>
</testsuite>
