<?xml version="1.0" encoding="UTF-8"?>
<testsuite name="org.gr8conf.AuthorAdderASTTransformationTest" tests="2" skipped="0" failures="0" errors="0" timestamp="2022-09-15T20:38:39" hostname="tomboyhero" time="0.353">
  <properties/>
  <testcase name="testThatAuthorExists" classname="org.gr8conf.AuthorAdderASTTransformationTest" time="0.006"/>
  <testcase name="testASTTransformationShouldBeDebuggableFromIDE" classname="org.gr8conf.AuthorAdderASTTransformationTest" time="0.346"/>
  <system-out><![CDATA[]]></system-out>
  <system-err><![CDATA[]]></system-err>
</testsuite>
